2026-03-02 12:29:49,839  INFO      ============================================================
2026-03-02 12:29:49,840  INFO        BTCDataset v2 - Step 1: Download
2026-03-02 12:29:49,840  INFO        Spot:    2017-08 onwards
2026-03-02 12:29:49,840  INFO        Perp:    2019-09 onwards
2026-03-02 12:29:49,840  INFO        Output:  C:\Users\tjall\Desktop\Trading\BTCDataset_v2\data\raw
2026-03-02 12:29:49,840  INFO      ============================================================
2026-03-02 12:29:49,840  INFO      
[1/5] Spot 1m klines
2026-03-02 12:29:49,841  INFO      
============================================================
2026-03-02 12:29:49,841  INFO        Spot 1m
2026-03-02 12:29:49,841  INFO        2017-08 -> 2026-02  (103 months)
2026-03-02 12:29:49,841  INFO      ============================================================
2026-03-02 12:35:33,149  INFO      
  Result: 103 months OK | 0 skipped | 0 failed | 103 checksums verified
2026-03-02 12:35:33,488  INFO        Total rows: 4,481,119
2026-03-02 12:35:33,521  INFO      
  QA - Spot 1m:
2026-03-02 12:35:33,522  INFO          Rows:     4,481,119
2026-03-02 12:35:33,529  INFO          Range:    2017-08-17 04:00:00+00:00 -> 58132-09-07 07:20:00+00:00
2026-03-02 12:35:33,773  INFO          Dupes:    0
2026-03-02 12:35:33,773  INFO          Gaps>90s: 610594
2026-03-02 12:35:33,776  INFO          OHLC bad: 0
2026-03-02 12:35:35,910  INFO        Saved: BTCUSDT_spot_1m_raw.parquet  (334.9 MB)
2026-03-02 12:35:35,924  INFO      
[2/5] Perp 1m klines (last price)
2026-03-02 12:35:35,924  INFO      
============================================================
2026-03-02 12:35:35,925  INFO        Perp 1m last
2026-03-02 12:35:35,925  INFO        2019-09 -> 2026-02  (78 months)
2026-03-02 12:35:35,925  INFO      ============================================================
2026-03-02 12:39:45,358  INFO      
  Result: 74 months OK | 4 skipped | 0 failed | 74 checksums verified
2026-03-02 12:39:45,359  INFO        Skipped (first 5): ['2019-09', '2019-10', '2019-11', '2019-12']
2026-03-02 12:39:45,602  INFO        Total rows: 3,241,440
2026-03-02 12:39:45,628  INFO      
  QA - Perp 1m last:
2026-03-02 12:39:45,629  INFO          Rows:     3,241,440
2026-03-02 12:39:45,635  INFO          Range:    2020-01-01 00:00:00+00:00 -> 2026-02-28 23:59:00+00:00
2026-03-02 12:39:45,819  INFO          Dupes:    0
2026-03-02 12:39:45,819  INFO          Gaps>90s: 0
2026-03-02 12:39:45,821  INFO          OHLC bad: 0
2026-03-02 12:39:47,337  INFO        Saved: BTCUSDT_perp_1m_raw.parquet  (222.9 MB)
2026-03-02 12:39:47,347  INFO      
[3/5] Perp 1m mark price
2026-03-02 12:39:47,347  INFO      
============================================================
2026-03-02 12:39:47,347  INFO        Perp 1m mark
2026-03-02 12:39:47,347  INFO        2019-09 -> 2026-02  (78 months)
2026-03-02 12:39:47,347  INFO      ============================================================
2026-03-02 12:43:44,535  INFO      
  Result: 74 months OK | 4 skipped | 0 failed | 74 checksums verified
2026-03-02 12:43:44,535  INFO        Skipped (first 5): ['2019-09', '2019-10', '2019-11', '2019-12']
2026-03-02 12:43:44,804  INFO        Total rows: 3,229,865
2026-03-02 12:43:44,832  INFO      
  QA - Perp mark 1m:
2026-03-02 12:43:44,833  INFO          Rows:     3,229,865
2026-03-02 12:43:44,838  INFO          Range:    2020-01-01 00:00:00+00:00 -> 2026-02-28 23:59:00+00:00
2026-03-02 12:43:45,043  INFO          Dupes:    0
2026-03-02 12:43:45,043  INFO          Gaps>90s: 8
2026-03-02 12:43:45,046  INFO          OHLC bad: 0
2026-03-02 12:43:46,499  INFO        Saved: BTCUSDT_perp_mark_1m_raw.parquet  (160.9 MB)
2026-03-02 12:43:46,508  INFO      
[4/5] Perp 1m index price
2026-03-02 12:43:46,509  INFO      
============================================================
2026-03-02 12:43:46,509  INFO        Perp 1m index
2026-03-02 12:43:46,509  INFO        2019-09 -> 2026-02  (78 months)
2026-03-02 12:43:46,509  INFO      ============================================================
2026-03-02 12:47:42,403  INFO      
  Result: 74 months OK | 4 skipped | 0 failed | 74 checksums verified
2026-03-02 12:47:42,403  INFO        Skipped (first 5): ['2019-09', '2019-10', '2019-11', '2019-12']
2026-03-02 12:47:42,592  INFO        Total rows: 3,224,100
2026-03-02 12:47:42,619  INFO      
  QA - Perp index 1m:
2026-03-02 12:47:42,619  INFO          Rows:     3,224,100
2026-03-02 12:47:42,626  INFO          Range:    2020-01-01 00:00:00+00:00 -> 2026-02-28 23:59:00+00:00
2026-03-02 12:47:42,758  INFO          Dupes:    0
2026-03-02 12:47:42,759  INFO          Gaps>90s: 12
2026-03-02 12:47:42,761  INFO          OHLC bad: 0
2026-03-02 12:47:44,110  INFO        Saved: BTCUSDT_perp_index_1m_raw.parquet  (174.1 MB)
2026-03-02 12:47:44,120  INFO      
[5/5] Funding rate history
2026-03-02 12:47:44,121  INFO      
============================================================
2026-03-02 12:47:44,121  INFO        Funding rate
2026-03-02 12:47:44,121  INFO        2019-09 -> 2026-02  (78 months)
2026-03-02 12:47:44,121  INFO      ============================================================
2026-03-02 12:50:17,294  INFO      
  Result: 74 months OK | 4 skipped | 0 failed | 74 checksums verified
2026-03-02 12:50:17,294  INFO        Skipped (first 5): ['2019-09', '2019-10', '2019-11', '2019-12']
2026-03-02 12:50:17,297  INFO        Total rows: 6,753
2026-03-02 12:50:17,298  INFO      
  QA - Funding rate:
2026-03-02 12:50:17,298  INFO          Rows:     6,753
2026-03-02 12:50:17,298  INFO          Range:    2020-01-01 00:00:00+00:00 -> 2026-02-28 16:00:00.004000+00:00
2026-03-02 12:50:17,298  INFO          Rate min/max: 8.000000 / 8.000000
2026-03-02 12:50:17,318  INFO        Saved: BTCUSDT_perp_funding_raw.parquet  (0.1 MB)
2026-03-02 12:50:17,319  INFO      
============================================================
2026-03-02 12:50:17,319  INFO        Step 1 complete.
2026-03-02 12:50:17,319  INFO        Files in C:\Users\tjall\Desktop\Trading\BTCDataset_v2\data\raw:
2026-03-02 12:50:17,319  INFO          BTCUSDT_perp_1m_raw.parquet                           222.9 MB
2026-03-02 12:50:17,319  INFO          BTCUSDT_perp_funding_raw.parquet                        0.1 MB
2026-03-02 12:50:17,320  INFO          BTCUSDT_perp_index_1m_raw.parquet                     174.1 MB
2026-03-02 12:50:17,320  INFO          BTCUSDT_perp_mark_1m_raw.parquet                      160.9 MB
2026-03-02 12:50:17,320  INFO          BTCUSDT_spot_1m_raw.parquet                           334.9 MB
2026-03-02 12:50:17,320  INFO      
  Next: run scripts/resample_v2.py
2026-03-02 12:50:17,320  INFO      ============================================================
