2026-03-02 13:24:28,546  INFO      ============================================================
2026-03-02 13:24:28,547  INFO        BTCDataset v2 - Step 1: Download (fixed)
2026-03-02 13:24:28,547  INFO        Spot:    2017-08 onwards
2026-03-02 13:24:28,547  INFO        Perp:    2019-09 onwards
2026-03-02 13:24:28,547  INFO        Output:  C:\Users\tjall\Desktop\Trading\BTCDataset_v2\data\raw
2026-03-02 13:24:28,547  INFO      ============================================================
2026-03-02 13:24:28,547  INFO      
[1/5] Spot 1m klines
2026-03-02 13:24:28,547  INFO      
============================================================
2026-03-02 13:24:28,547  INFO        Spot 1m
2026-03-02 13:24:28,548  INFO        2017-08 -> 2026-02  (103 months)
2026-03-02 13:24:28,548  INFO      ============================================================
2026-03-02 13:30:11,226  INFO      
  Result: 103 months OK | 0 skipped | 0 failed | 103 checksums verified
2026-03-02 13:30:11,535  INFO        Total rows: 4,481,119
2026-03-02 13:30:11,571  INFO      
  QA - Spot 1m:
2026-03-02 13:30:11,571  INFO          Rows:     4,481,119
2026-03-02 13:30:11,582  INFO          Range:    2017-08-17 04:00:00+00:00 -> 2026-02-28 23:59:00+00:00
2026-03-02 13:30:11,795  INFO          Dupes:    0
2026-03-02 13:30:11,795  INFO          Gaps>90s: 34
2026-03-02 13:30:11,798  INFO          OHLC bad: 0
2026-03-02 13:30:14,069  INFO        Saved: BTCUSDT_spot_1m_raw.parquet  (334.7 MB)
2026-03-02 13:30:14,081  INFO      
[2/5] Perp 1m klines (last price)
2026-03-02 13:30:14,081  INFO      
============================================================
2026-03-02 13:30:14,081  INFO        Perp 1m last
2026-03-02 13:30:14,082  INFO        2019-09 -> 2026-02  (78 months)
2026-03-02 13:30:14,082  INFO      ============================================================
2026-03-02 13:34:21,847  INFO      
  Result: 74 months OK | 4 skipped | 0 failed | 74 checksums verified
2026-03-02 13:34:21,848  INFO        Skipped (first 5): ['2019-09', '2019-10', '2019-11', '2019-12']
2026-03-02 13:34:22,097  INFO        Total rows: 3,241,440
2026-03-02 13:34:22,130  INFO      
  QA - Perp 1m last:
2026-03-02 13:34:22,130  INFO          Rows:     3,241,440
2026-03-02 13:34:22,138  INFO          Range:    2020-01-01 00:00:00+00:00 -> 2026-02-28 23:59:00+00:00
2026-03-02 13:34:22,329  INFO          Dupes:    0
2026-03-02 13:34:22,329  INFO          Gaps>90s: 0
2026-03-02 13:34:22,331  INFO          OHLC bad: 0
2026-03-02 13:34:23,900  INFO        Saved: BTCUSDT_perp_1m_raw.parquet  (222.9 MB)
2026-03-02 13:34:23,909  INFO      
[3/5] Perp 1m mark price
2026-03-02 13:34:23,909  INFO      
============================================================
2026-03-02 13:34:23,909  INFO        Perp 1m mark
2026-03-02 13:34:23,909  INFO        2019-09 -> 2026-02  (78 months)
2026-03-02 13:34:23,910  INFO      ============================================================
2026-03-02 13:38:20,813  INFO      
  Result: 74 months OK | 4 skipped | 0 failed | 74 checksums verified
2026-03-02 13:38:20,813  INFO        Skipped (first 5): ['2019-09', '2019-10', '2019-11', '2019-12']
2026-03-02 13:38:21,050  INFO        Total rows: 3,229,865
2026-03-02 13:38:21,074  INFO      
  QA - Perp mark 1m:
2026-03-02 13:38:21,074  INFO          Rows:     3,229,865
2026-03-02 13:38:21,081  INFO          Range:    2020-01-01 00:00:00+00:00 -> 2026-02-28 23:59:00+00:00
2026-03-02 13:38:21,270  INFO          Dupes:    0
2026-03-02 13:38:21,270  INFO          Gaps>90s: 8
2026-03-02 13:38:21,272  INFO          OHLC bad: 0
2026-03-02 13:38:22,624  INFO        Saved: BTCUSDT_perp_mark_1m_raw.parquet  (160.9 MB)
2026-03-02 13:38:22,633  INFO      
[4/5] Perp 1m index price
2026-03-02 13:38:22,633  INFO      
============================================================
2026-03-02 13:38:22,634  INFO        Perp 1m index
2026-03-02 13:38:22,634  INFO        2019-09 -> 2026-02  (78 months)
2026-03-02 13:38:22,634  INFO      ============================================================
2026-03-02 13:42:16,130  INFO      
  Result: 74 months OK | 4 skipped | 0 failed | 74 checksums verified
2026-03-02 13:42:16,130  INFO        Skipped (first 5): ['2019-09', '2019-10', '2019-11', '2019-12']
2026-03-02 13:42:16,310  INFO        Total rows: 3,224,100
2026-03-02 13:42:16,334  INFO      
  QA - Perp index 1m:
2026-03-02 13:42:16,335  INFO          Rows:     3,224,100
2026-03-02 13:42:16,340  INFO          Range:    2020-01-01 00:00:00+00:00 -> 2026-02-28 23:59:00+00:00
2026-03-02 13:42:16,473  INFO          Dupes:    0
2026-03-02 13:42:16,473  INFO          Gaps>90s: 12
2026-03-02 13:42:16,475  INFO          OHLC bad: 0
2026-03-02 13:42:17,747  INFO        Saved: BTCUSDT_perp_index_1m_raw.parquet  (174.1 MB)
2026-03-02 13:42:17,756  INFO      
[5/5] Funding rate history
2026-03-02 13:42:17,756  INFO      
============================================================
2026-03-02 13:42:17,756  INFO        Funding rate
2026-03-02 13:42:17,757  INFO        2019-09 -> 2026-02  (78 months)
2026-03-02 13:42:17,757  INFO      ============================================================
2026-03-02 13:44:52,445  INFO      
  Result: 74 months OK | 4 skipped | 0 failed | 74 checksums verified
2026-03-02 13:44:52,445  INFO        Skipped (first 5): ['2019-09', '2019-10', '2019-11', '2019-12']
2026-03-02 13:44:52,448  INFO        Total rows: 6,753
2026-03-02 13:44:52,448  INFO      
  QA - Funding rate:
2026-03-02 13:44:52,448  INFO          Rows:     6,753
2026-03-02 13:44:52,449  INFO          Range:    2020-01-01 00:00:00+00:00 -> 2026-02-28 16:00:00.004000+00:00
2026-03-02 13:44:52,449  INFO          Rate range: -0.003000 -> 0.003000
2026-03-02 13:44:52,449  INFO          Events:     6,753
2026-03-02 13:44:52,469  INFO        Saved: BTCUSDT_perp_funding_raw.parquet  (0.1 MB)
2026-03-02 13:44:52,469  INFO      
============================================================
2026-03-02 13:44:52,469  INFO        Step 1 complete.
2026-03-02 13:44:52,469  INFO        Files in C:\Users\tjall\Desktop\Trading\BTCDataset_v2\data\raw:
2026-03-02 13:44:52,470  INFO          BTCUSDT_perp_1m_raw.parquet                           222.9 MB
2026-03-02 13:44:52,470  INFO          BTCUSDT_perp_funding_raw.parquet                        0.1 MB
2026-03-02 13:44:52,470  INFO          BTCUSDT_perp_index_1m_raw.parquet                     174.1 MB
2026-03-02 13:44:52,470  INFO          BTCUSDT_perp_mark_1m_raw.parquet                      160.9 MB
2026-03-02 13:44:52,471  INFO          BTCUSDT_spot_1m_raw.parquet                           334.7 MB
2026-03-02 13:44:52,471  INFO      
  Next: run scripts/resample_v2.py
2026-03-02 13:44:52,471  INFO      ============================================================
