2026-03-02 12:56:32,435  INFO      ============================================================
2026-03-02 12:56:32,436  INFO        BTCDataset v2 - Step 1: Download (fixed)
2026-03-02 12:56:32,436  INFO        Spot:    2017-08 onwards
2026-03-02 12:56:32,436  INFO        Perp:    2019-09 onwards
2026-03-02 12:56:32,436  INFO        Output:  C:\Users\tjall\Desktop\Trading\BTCDataset_v2\data\raw
2026-03-02 12:56:32,436  INFO      ============================================================
2026-03-02 12:56:32,436  INFO      
[1/5] Spot 1m klines
2026-03-02 12:56:32,436  INFO      
============================================================
2026-03-02 12:56:32,437  INFO        Spot 1m
2026-03-02 12:56:32,437  INFO        2017-08 -> 2026-02  (103 months)
2026-03-02 12:56:32,437  INFO      ============================================================
2026-03-02 13:02:14,619  INFO      
  Result: 103 months OK | 0 skipped | 0 failed | 103 checksums verified
2026-03-02 13:02:14,927  INFO        Total rows: 4,481,119
2026-03-02 13:02:14,960  INFO      
  QA - Spot 1m:
2026-03-02 13:02:14,960  INFO          Rows:     4,481,119
2026-03-02 13:02:14,968  INFO          Range:    2017-08-17 04:00:00+00:00 -> 2026-02-28 23:59:00+00:00
2026-03-02 13:02:15,198  INFO          Dupes:    0
2026-03-02 13:02:15,199  INFO          Gaps>90s: 34
2026-03-02 13:02:15,201  INFO          OHLC bad: 0
2026-03-02 13:02:17,299  INFO        Saved: BTCUSDT_spot_1m_raw.parquet  (334.7 MB)
2026-03-02 13:02:17,312  INFO      
[2/5] Perp 1m klines (last price)
2026-03-02 13:02:17,313  INFO      
============================================================
2026-03-02 13:02:17,313  INFO        Perp 1m last
2026-03-02 13:02:17,313  INFO        2019-09 -> 2026-02  (78 months)
2026-03-02 13:02:17,313  INFO      ============================================================
2026-03-02 13:06:30,975  INFO      
  Result: 74 months OK | 4 skipped | 0 failed | 74 checksums verified
2026-03-02 13:06:30,975  INFO        Skipped (first 5): ['2019-09', '2019-10', '2019-11', '2019-12']
2026-03-02 13:06:31,240  INFO        Total rows: 3,241,440
2026-03-02 13:06:31,268  INFO      
  QA - Perp 1m last:
2026-03-02 13:06:31,269  INFO          Rows:     3,241,440
2026-03-02 13:06:31,276  INFO          Range:    2020-01-01 00:00:00+00:00 -> 2026-02-28 23:59:00+00:00
2026-03-02 13:06:31,474  INFO          Dupes:    0
2026-03-02 13:06:31,474  INFO          Gaps>90s: 0
2026-03-02 13:06:31,477  INFO          OHLC bad: 0
2026-03-02 13:06:33,099  INFO        Saved: BTCUSDT_perp_1m_raw.parquet  (222.9 MB)
2026-03-02 13:06:33,108  INFO      
[3/5] Perp 1m mark price
2026-03-02 13:06:33,109  INFO      
============================================================
2026-03-02 13:06:33,109  INFO        Perp 1m mark
2026-03-02 13:06:33,109  INFO        2019-09 -> 2026-02  (78 months)
2026-03-02 13:06:33,109  INFO      ============================================================
2026-03-02 13:10:30,240  INFO      
  Result: 74 months OK | 4 skipped | 0 failed | 74 checksums verified
2026-03-02 13:10:30,241  INFO        Skipped (first 5): ['2019-09', '2019-10', '2019-11', '2019-12']
2026-03-02 13:10:30,488  INFO        Total rows: 3,229,865
2026-03-02 13:10:30,512  INFO      
  QA - Perp mark 1m:
2026-03-02 13:10:30,513  INFO          Rows:     3,229,865
2026-03-02 13:10:30,518  INFO          Range:    2020-01-01 00:00:00+00:00 -> 2026-02-28 23:59:00+00:00
2026-03-02 13:10:30,695  INFO          Dupes:    0
2026-03-02 13:10:30,695  INFO          Gaps>90s: 8
2026-03-02 13:10:30,697  INFO          OHLC bad: 0
2026-03-02 13:10:32,132  INFO        Saved: BTCUSDT_perp_mark_1m_raw.parquet  (160.9 MB)
2026-03-02 13:10:32,141  INFO      
[4/5] Perp 1m index price
2026-03-02 13:10:32,142  INFO      
============================================================
2026-03-02 13:10:32,142  INFO        Perp 1m index
2026-03-02 13:10:32,142  INFO        2019-09 -> 2026-02  (78 months)
2026-03-02 13:10:32,142  INFO      ============================================================
2026-03-02 13:14:30,541  INFO      
  Result: 74 months OK | 4 skipped | 0 failed | 74 checksums verified
2026-03-02 13:14:30,541  INFO        Skipped (first 5): ['2019-09', '2019-10', '2019-11', '2019-12']
2026-03-02 13:14:30,710  INFO        Total rows: 3,224,100
2026-03-02 13:14:30,734  INFO      
  QA - Perp index 1m:
2026-03-02 13:14:30,734  INFO          Rows:     3,224,100
2026-03-02 13:14:30,739  INFO          Range:    2020-01-01 00:00:00+00:00 -> 2026-02-28 23:59:00+00:00
2026-03-02 13:14:30,859  INFO          Dupes:    0
2026-03-02 13:14:30,859  INFO          Gaps>90s: 12
2026-03-02 13:14:30,861  INFO          OHLC bad: 0
2026-03-02 13:14:32,138  INFO        Saved: BTCUSDT_perp_index_1m_raw.parquet  (174.1 MB)
2026-03-02 13:14:32,147  INFO      
[5/5] Funding rate history
2026-03-02 13:14:32,147  INFO      
============================================================
2026-03-02 13:14:32,147  INFO        Funding rate
2026-03-02 13:14:32,147  INFO        2019-09 -> 2026-02  (78 months)
2026-03-02 13:14:32,147  INFO      ============================================================
2026-03-02 13:17:06,373  INFO      
  Result: 74 months OK | 4 skipped | 0 failed | 74 checksums verified
2026-03-02 13:17:06,374  INFO        Skipped (first 5): ['2019-09', '2019-10', '2019-11', '2019-12']
2026-03-02 13:17:06,376  INFO        Total rows: 6,753
2026-03-02 13:17:06,377  INFO      
  QA - Funding rate:
2026-03-02 13:17:06,377  INFO          Rows:     6,753
2026-03-02 13:17:06,378  INFO          Range:    2020-01-01 00:00:00+00:00 -> 2026-02-28 16:00:00.004000+00:00
2026-03-02 13:17:06,378  INFO          Rate range: 8.000000 -> 8.000000
2026-03-02 13:17:06,378  INFO          Events:     6,753
2026-03-02 13:17:06,397  INFO        Saved: BTCUSDT_perp_funding_raw.parquet  (0.1 MB)
2026-03-02 13:17:06,397  INFO      
============================================================
2026-03-02 13:17:06,397  INFO        Step 1 complete.
2026-03-02 13:17:06,397  INFO        Files in C:\Users\tjall\Desktop\Trading\BTCDataset_v2\data\raw:
2026-03-02 13:17:06,397  INFO          BTCUSDT_perp_1m_raw.parquet                           222.9 MB
2026-03-02 13:17:06,398  INFO          BTCUSDT_perp_funding_raw.parquet                        0.1 MB
2026-03-02 13:17:06,398  INFO          BTCUSDT_perp_index_1m_raw.parquet                     174.1 MB
2026-03-02 13:17:06,398  INFO          BTCUSDT_perp_mark_1m_raw.parquet                      160.9 MB
2026-03-02 13:17:06,398  INFO          BTCUSDT_spot_1m_raw.parquet                           334.7 MB
2026-03-02 13:17:06,398  INFO      
  Next: run scripts/resample_v2.py
2026-03-02 13:17:06,398  INFO      ============================================================
